2018.05.10 09:00:34  INFO XmlBeanDefinitionReader(317):? Loading XML bean definitions from class path resource [org/springframework/jdbc/support/sql-error-codes.xml]
   2018.05.10 09:00:34  INFO SQLErrorCodesFactory(126):? SQLErrorCodes loaded: [DB2, Derby, H2, HSQL, Informix, MS-SQL, MySQL, Oracle, PostgreSQL, Sybase, Hana]
   2018.05.10 09:01:36  INFO ContextLoader(307):? Root WebApplicationContext: initialization started
   2018.05.10 09:01:36  INFO XmlWebApplicationContext(573):? Refreshing Root WebApplicationContext: startup date [Thu May 10 09:01:36 CST 2018]; root of context hierarchy
   2018.05.10 09:01:36  INFO XmlBeanDefinitionReader(317):? Loading XML bean definitions from class path resource [spring-mybatis.xml]
   2018.05.10 09:01:36  INFO PropertyPlaceholderConfigurer(172):? Loading properties file from class path resource [jdbc.properties]
   2018.05.10 09:01:36  INFO AutowiredAnnotationBeanPostProcessor(153):? JSR-330 'javax.inject.Inject' annotation found and supported for autowiring
   2018.05.10 09:01:37  INFO ContextLoader(347):? Root WebApplicationContext: initialization completed in 1551 ms
   2018.05.10 09:01:37  INFO DispatcherServlet(488):? FrameworkServlet 'SpringMVC': initialization started
   2018.05.10 09:01:37  INFO XmlWebApplicationContext(573):? Refreshing WebApplicationContext for namespace 'SpringMVC-servlet': startup date [Thu May 10 09:01:37 CST 2018]; parent: Root WebApplicationContext
   2018.05.10 09:01:37  INFO XmlBeanDefinitionReader(317):? Loading XML bean definitions from class path resource [spring-mvc.xml]
   2018.05.10 09:01:38  INFO XmlBeanDefinitionReader(317):? Loading XML bean definitions from class path resource [spring-spyMemcached.xml]
   2018.05.10 09:01:38  INFO XmlBeanDefinitionReader(317):? Loading XML bean definitions from class path resource [spring-jms.xml]
   2018.05.10 09:01:38  INFO PropertyPlaceholderConfigurer(172):? Loading properties file from class path resource [spyMemcached.properties]
   2018.05.10 09:01:38  INFO PropertyPlaceholderConfigurer(172):? Loading properties file from class path resource [activemq.properties]
   2018.05.10 09:01:38  INFO AutowiredAnnotationBeanPostProcessor(153):? JSR-330 'javax.inject.Inject' annotation found and supported for autowiring
   2018.05.10 09:01:38  INFO PropertiesFactoryBean(172):? Loading properties file from class path resource [spyMemcached.properties]
   2018.05.10 09:01:39  INFO DefaultLifecycleProcessor(341):? Starting beans in phase 2147483647
   2018.05.10 09:01:40  INFO SingleConnectionFactory(311):? Established shared JMS Connection: PooledConnection { ConnectionPool[ActiveMQConnection {id=ID:qj-hangyunjia-61320-1525914100048-1:1,clientId=null,started=false}] }
   2018.05.10 09:01:40  INFO DefaultAnnotationHandlerMapping(341):? Mapped URL path [/admin/acmedecoration/showAllAcmedecoration] onto handler 'adminAcmedecorationController'
   2018.05.10 09:01:40  INFO DefaultAnnotationHandlerMapping(341):? Mapped URL path [/admin/acmedecoration/showAllAcmedecoration.*] onto handler 'adminAcmedecorationController'
   2018.05.10 09:01:40  INFO DefaultAnnotationHandlerMapping(341):? Mapped URL path [/admin/acmedecoration/showAllAcmedecoration/] onto handler 'adminAcmedecorationController'
   2018.05.10 09:01:40  INFO DefaultAnnotationHandlerMapping(341):? Mapped URL path [/admin/acmedecoration/acmedecorationDetail] onto handler 'adminAcmedecorationController'
   2018.05.10 09:01:40  INFO DefaultAnnotationHandlerMapping(341):? Mapped URL path [/admin/acmedecoration/acmedecorationDetail.*] onto handler 'adminAcmedecorationController'
   2018.05.10 09:01:40  INFO DefaultAnnotationHandlerMapping(341):? Mapped URL path [/admin/acmedecoration/acmedecorationDetail/] onto handler 'adminAcmedecorationController'
   2018.05.10 09:01:40  INFO DefaultAnnotationHandlerMapping(341):? Mapped URL path [/admin/acmedecoration/toAddAcmedecoration] onto handler 'adminAcmedecorationController'
   2018.05.10 09:01:40  INFO DefaultAnnotationHandlerMapping(341):? Mapped URL path [/admin/acmedecoration/toAddAcmedecoration.*] onto handler 'adminAcmedecorationController'
   2018.05.10 09:01:40  INFO DefaultAnnotationHandlerMapping(341):? Mapped URL path [/admin/acmedecoration/toAddAcmedecoration/] onto handler 'adminAcmedecorationController'
   2018.05.10 09:01:40  INFO DefaultAnnotationHandlerMapping(341):? Mapped URL path [/admin/acmedecoration/addAcmedecoration] onto handler 'adminAcmedecorationController'
   2018.05.10 09:01:40  INFO DefaultAnnotationHandlerMapping(341):? Mapped URL path [/admin/acmedecoration/addAcmedecoration.*] onto handler 'adminAcmedecorationController'
   2018.05.10 09:01:40  INFO DefaultAnnotationHandlerMapping(341):? Mapped URL path [/admin/acmedecoration/addAcmedecoration/] onto handler 'adminAcmedecorationController'
   2018.05.10 09:01:40  INFO DefaultAnnotationHandlerMapping(341):? Mapped URL path [/admin/building/delBuilding] onto handler 'adminBuildingController'
   2018.05.10 09:01:40  INFO DefaultAnnotationHandlerMapping(341):? Mapped URL path [/admin/building/delBuilding.*] onto handler 'adminBuildingController'
   2018.05.10 09:01:40  INFO DefaultAnnotationHandlerMapping(341):? Mapped URL path [/admin/building/delBuilding/] onto handler 'adminBuildingController'
   2018.05.10 09:01:40  INFO DefaultAnnotationHandlerMapping(341):? Mapped URL path [/admin/building/buildingDealWith] onto handler 'adminBuildingController'
   2018.05.10 09:01:40  INFO DefaultAnnotationHandlerMapping(341):? Mapped URL path [/admin/building/buildingDealWith.*] onto handler 'adminBuildingController'
   2018.05.10 09:01:40  INFO DefaultAnnotationHandlerMapping(341):? Mapped URL path [/admin/building/buildingDealWith/] onto handler 'adminBuildingController'
   2018.05.10 09:01:40  INFO DefaultAnnotationHandlerMapping(341):? Mapped URL path [/admin/building/toAddBuilding] onto handler 'adminBuildingController'
   2018.05.10 09:01:40  INFO DefaultAnnotationHandlerMapping(341):? Mapped URL path [/admin/building/toAddBuilding.*] onto handler 'adminBuildingController'
   2018.05.10 09:01:40  INFO DefaultAnnotationHandlerMapping(341):? Mapped URL path [/admin/building/toAddBuilding/] onto handler 'adminBuildingController'
   2018.05.10 09:01:40  INFO DefaultAnnotationHandlerMapping(341):? Mapped URL path [/admin/building/addBuilding] onto handler 'adminBuildingController'
   2018.05.10 09:01:40  INFO DefaultAnnotationHandlerMapping(341):? Mapped URL path [/admin/building/addBuilding.*] onto handler 'adminBuildingController'
   2018.05.10 09:01:40  INFO DefaultAnnotationHandlerMapping(341):? Mapped URL path [/admin/building/addBuilding/] onto handler 'adminBuildingController'
   2018.05.10 09:01:40  INFO DefaultAnnotationHandlerMapping(341):? Mapped URL path [/admin/building/showAllBuilding] onto handler 'adminBuildingController'
   2018.05.10 09:01:40  INFO DefaultAnnotationHandlerMapping(341):? Mapped URL path [/admin/building/showAllBuilding.*] onto handler 'adminBuildingController'
   2018.05.10 09:01:40  INFO DefaultAnnotationHandlerMapping(341):? Mapped URL path [/admin/building/showAllBuilding/] onto handler 'adminBuildingController'
   2018.05.10 09:01:40  INFO DefaultAnnotationHandlerMapping(341):? Mapped URL path [/admin/building/showAllBuildingbespeak] onto handler 'adminBuildingController'
   2018.05.10 09:01:40  INFO DefaultAnnotationHandlerMapping(341):? Mapped URL path [/admin/building/showAllBuildingbespeak.*] onto handler 'adminBuildingController'
   2018.05.10 09:01:40  INFO DefaultAnnotationHandlerMapping(341):? Mapped URL path [/admin/building/showAllBuildingbespeak/] onto handler 'adminBuildingController'
   2018.05.10 09:01:40  INFO DefaultAnnotationHandlerMapping(341):? Mapped URL path [/admin/classicCase/toAddClassicCase] onto handler 'adminClassicCaseController'
   2018.05.10 09:01:40  INFO DefaultAnnotationHandlerMapping(341):? Mapped URL path [/admin/classicCase/toAddClassicCase.*] onto handler 'adminClassicCaseController'
   2018.05.10 09:01:40  INFO DefaultAnnotationHandlerMapping(341):? Mapped URL path [/admin/classicCase/toAddClassicCase/] onto handler 'adminClassicCaseController'
   2018.05.10 09:01:40  INFO DefaultAnnotationHandlerMapping(341):? Mapped URL path [/admin/classicCase/addClassicCase] onto handler 'adminClassicCaseController'
   2018.05.10 09:01:40  INFO DefaultAnnotationHandlerMapping(341):? Mapped URL path [/admin/classicCase/addClassicCase.*] onto handler 'adminClassicCaseController'
   2018.05.10 09:01:40  INFO DefaultAnnotationHandlerMapping(341):? Mapped URL path [/admin/classicCase/addClassicCase/] onto handler 'adminClassicCaseController'
   2018.05.10 09:01:40  INFO DefaultAnnotationHandlerMapping(341):? Mapped URL path [/admin/classicCase/delClassicCase] onto handler 'adminClassicCaseController'
   2018.05.10 09:01:40  INFO DefaultAnnotationHandlerMapping(341):? Mapped URL path [/admin/classicCase/delClassicCase.*] onto handler 'adminClassicCaseController'
   2018.05.10 09:01:40  INFO DefaultAnnotationHandlerMapping(341):? Mapped URL path [/admin/classicCase/delClassicCase/] onto handler 'adminClassicCaseController'
   2018.05.10 09:01:40  INFO DefaultAnnotationHandlerMapping(341):? Mapped URL path [/admin/classicCase/showAllClassicCase] onto handler 'adminClassicCaseController'
   2018.05.10 09:01:40  INFO DefaultAnnotationHandlerMapping(341):? Mapped URL path [/admin/classicCase/showAllClassicCase.*] onto handler 'adminClassicCaseController'
   2018.05.10 09:01:40  INFO DefaultAnnotationHandlerMapping(341):? Mapped URL path [/admin/classicCase/showAllClassicCase/] onto handler 'adminClassicCaseController'
   2018.05.10 09:01:40  INFO DefaultAnnotationHandlerMapping(341):? Mapped URL path [/admin/classicCase/showClassicCaseById] onto handler 'adminClassicCaseController'
   2018.05.10 09:01:40  INFO DefaultAnnotationHandlerMapping(341):? Mapped URL path [/admin/classicCase/showClassicCaseById.*] onto handler 'adminClassicCaseController'
   2018.05.10 09:01:40  INFO DefaultAnnotationHandlerMapping(341):? Mapped URL path [/admin/classicCase/showClassicCaseById/] onto handler 'adminClassicCaseController'
   2018.05.10 09:01:40  INFO DefaultAnnotationHandlerMapping(341):? Mapped URL path [/admin/admin/showAdmin] onto handler 'adminController'
   2018.05.10 09:01:40  INFO DefaultAnnotationHandlerMapping(341):? Mapped URL path [/admin/admin/showAdmin.*] onto handler 'adminController'
   2018.05.10 09:01:40  INFO DefaultAnnotationHandlerMapping(341):? Mapped URL path [/admin/admin/showAdmin/] onto handler 'adminController'
   2018.05.10 09:01:40  INFO DefaultAnnotationHandlerMapping(341):? Mapped URL path [/admin/admin/toAdminLogin] onto handler 'adminController'
   2018.05.10 09:01:40  INFO DefaultAnnotationHandlerMapping(341):? Mapped URL path [/admin/admin/toAdminLogin.*] onto handler 'adminController'
   2018.05.10 09:01:40  INFO DefaultAnnotationHandlerMapping(341):? Mapped URL path [/admin/admin/toAdminLogin/] onto handler 'adminController'
   2018.05.10 09:01:40  INFO DefaultAnnotationHandlerMapping(341):? Mapped URL path [/admin/admin/loginAdmin] onto handler 'adminController'
   2018.05.10 09:01:40  INFO DefaultAnnotationHandlerMapping(341):? Mapped URL path [/admin/admin/loginAdmin.*] onto handler 'adminController'
   2018.05.10 09:01:40  INFO DefaultAnnotationHandlerMapping(341):? Mapped URL path [/admin/admin/loginAdmin/] onto handler 'adminController'
   2018.05.10 09:01:40  INFO DefaultAnnotationHandlerMapping(341):? Mapped URL path [/admin/admin/showAllAdmin] onto handler 'adminController'
   2018.05.10 09:01:40  INFO DefaultAnnotationHandlerMapping(341):? Mapped URL path [/admin/admin/showAllAdmin.*] onto handler 'adminController'
   2018.05.10 09:01:40  INFO DefaultAnnotationHandlerMapping(341):? Mapped URL path [/admin/admin/showAllAdmin/] onto handler 'adminController'
   2018.05.10 09:01:40  INFO DefaultAnnotationHandlerMapping(341):? Mapped URL path [/admin/admin/toAddAdmin] onto handler 'adminController'
   2018.05.10 09:01:40  INFO DefaultAnnotationHandlerMapping(341):? Mapped URL path [/admin/admin/toAddAdmin.*] onto handler 'adminController'
   2018.05.10 09:01:40  INFO DefaultAnnotationHandlerMapping(341):? Mapped URL path [/admin/admin/toAddAdmin/] onto handler 'adminController'
   2018.05.10 09:01:40  INFO DefaultAnnotationHandlerMapping(341):? Mapped URL path [/admin/admin/toUpdateAdmin] onto handler 'adminController'
   2018.05.10 09:01:40  INFO DefaultAnnotationHandlerMapping(341):? Mapped URL path [/admin/admin/toUpdateAdmin.*] onto handler 'adminController'
   2018.05.10 09:01:40  INFO DefaultAnnotationHandlerMapping(341):? Mapped URL path [/admin/admin/toUpdateAdmin/] onto handler 'adminController'
   2018.05.10 09:01:40  INFO DefaultAnnotationHandlerMapping(341):? Mapped URL path [/admin/admin/updateAdmin] onto handler 'adminController'
   2018.05.10 09:01:40  INFO DefaultAnnotationHandlerMapping(341):? Mapped URL path [/admin/admin/updateAdmin.*] onto handler 'adminController'
   2018.05.10 09:01:40  INFO DefaultAnnotationHandlerMapping(341):? Mapped URL path [/admin/admin/updateAdmin/] onto handler 'adminController'
   2018.05.10 09:01:40  INFO DefaultAnnotationHandlerMapping(341):? Mapped URL path [/admin/admin/showNote] onto handler 'adminController'
   2018.05.10 09:01:40  INFO DefaultAnnotationHandlerMapping(341):? Mapped URL path [/admin/admin/showNote.*] onto handler 'adminController'
   2018.05.10 09:01:40  INFO DefaultAnnotationHandlerMapping(341):? Mapped URL path [/admin/admin/showNote/] onto handler 'adminController'
   2018.05.10 09:01:40  INFO DefaultAnnotationHandlerMapping(341):? Mapped URL path [/admin/admin/sendNote] onto handler 'adminController'
   2018.05.10 09:01:40  INFO DefaultAnnotationHandlerMapping(341):? Mapped URL path [/admin/admin/sendNote.*] onto handler 'adminController'
   2018.05.10 09:01:40  INFO DefaultAnnotationHandlerMapping(341):? Mapped URL path [/admin/admin/sendNote/] onto handler 'adminController'
   2018.05.10 09:01:40  INFO DefaultAnnotationHandlerMapping(341):? Mapped URL path [/admin/admin/addAdmin] onto handler 'adminController'
   2018.05.10 09:01:40  INFO DefaultAnnotationHandlerMapping(341):? Mapped URL path [/admin/admin/addAdmin.*] onto handler 'adminController'
   2018.05.10 09:01:40  INFO DefaultAnnotationHandlerMapping(341):? Mapped URL path [/admin/admin/addAdmin/] onto handler 'adminController'
   2018.05.10 09:01:40  INFO DefaultAnnotationHandlerMapping(341):? Mapped URL path [/admin/admin/delAdmin] onto handler 'adminController'
   2018.05.10 09:01:40  INFO DefaultAnnotationHandlerMapping(341):? Mapped URL path [/admin/admin/delAdmin.*] onto handler 'adminController'
   2018.05.10 09:01:40  INFO DefaultAnnotationHandlerMapping(341):? Mapped URL path [/admin/admin/delAdmin/] onto handler 'adminController'
   2018.05.10 09:01:40  INFO DefaultAnnotationHandlerMapping(341):? Mapped URL path [/admin/admin/updatePassword] onto handler 'adminController'
   2018.05.10 09:01:40  INFO DefaultAnnotationHandlerMapping(341):? Mapped URL path [/admin/admin/updatePassword.*] onto handler 'adminController'
   2018.05.10 09:01:40  INFO DefaultAnnotationHandlerMapping(341):? Mapped URL path [/admin/admin/updatePassword/] onto handler 'adminController'
   2018.05.10 09:01:40  INFO DefaultAnnotationHandlerMapping(341):? Mapped URL path [/admin/design/toAddDesign] onto handler 'adminDesignController'
   2018.05.10 09:01:40  INFO DefaultAnnotationHandlerMapping(341):? Mapped URL path [/admin/design/toAddDesign.*] onto handler 'adminDesignController'
   2018.05.10 09:01:40  INFO DefaultAnnotationHandlerMapping(341):? Mapped URL path [/admin/design/toAddDesign/] onto handler 'adminDesignController'
   2018.05.10 09:01:40  INFO DefaultAnnotationHandlerMapping(341):? Mapped URL path [/admin/design/showAllDesign] onto handler 'adminDesignController'
   2018.05.10 09:01:40  INFO DefaultAnnotationHandlerMapping(341):? Mapped URL path [/admin/design/showAllDesign.*] onto handler 'adminDesignController'
   2018.05.10 09:01:40  INFO DefaultAnnotationHandlerMapping(341):? Mapped URL path [/admin/design/showAllDesign/] onto handler 'adminDesignController'
   2018.05.10 09:01:40  INFO DefaultAnnotationHandlerMapping(341):? Mapped URL path [/admin/design/addDesign] onto handler 'adminDesignController'
   2018.05.10 09:01:40  INFO DefaultAnnotationHandlerMapping(341):? Mapped URL path [/admin/design/addDesign.*] onto handler 'adminDesignController'
   2018.05.10 09:01:40  INFO DefaultAnnotationHandlerMapping(341):? Mapped URL path [/admin/design/addDesign/] onto handler 'adminDesignController'
   2018.05.10 09:01:40  INFO DefaultAnnotationHandlerMapping(341):? Mapped URL path [/admin/design/showAllDesignoffer] onto handler 'adminDesignController'
   2018.05.10 09:01:40  INFO DefaultAnnotationHandlerMapping(341):? Mapped URL path [/admin/design/showAllDesignoffer.*] onto handler 'adminDesignController'
   2018.05.10 09:01:40  INFO DefaultAnnotationHandlerMapping(341):? Mapped URL path [/admin/design/showAllDesignoffer/] onto handler 'adminDesignController'
   2018.05.10 09:01:40  INFO DefaultAnnotationHandlerMapping(341):? Mapped URL path [/admin/design/showAllDesignbespeak] onto handler 'adminDesignController'
   2018.05.10 09:01:40  INFO DefaultAnnotationHandlerMapping(341):? Mapped URL path [/admin/design/showAllDesignbespeak.*] onto handler 'adminDesignController'
   2018.05.10 09:01:40  INFO DefaultAnnotationHandlerMapping(341):? Mapped URL path [/admin/design/showAllDesignbespeak/] onto handler 'adminDesignController'
   2018.05.10 09:01:40  INFO DefaultAnnotationHandlerMapping(341):? Mapped URL path [/admin/index] onto handler 'adminIndexController'
   2018.05.10 09:01:40  INFO DefaultAnnotationHandlerMapping(341):? Mapped URL path [/admin/index.*] onto handler 'adminIndexController'
   2018.05.10 09:01:40  INFO DefaultAnnotationHandlerMapping(341):? Mapped URL path [/admin/index/] onto handler 'adminIndexController'
   2018.05.10 09:01:40  INFO DefaultAnnotationHandlerMapping(341):? Mapped URL path [/admin/top] onto handler 'adminIndexController'
   2018.05.10 09:01:40  INFO DefaultAnnotationHandlerMapping(341):? Mapped URL path [/admin/top.*] onto handler 'adminIndexController'
   2018.05.10 09:01:40  INFO DefaultAnnotationHandlerMapping(341):? Mapped URL path [/admin/top/] onto handler 'adminIndexController'
   2018.05.10 09:01:40  INFO DefaultAnnotationHandlerMapping(341):? Mapped URL path [/admin/menu] onto handler 'adminIndexController'
   2018.05.10 09:01:40  INFO DefaultAnnotationHandlerMapping(341):? Mapped URL path [/admin/menu.*] onto handler 'adminIndexController'
   2018.05.10 09:01:40  INFO DefaultAnnotationHandlerMapping(341):? Mapped URL path [/admin/menu/] onto handler 'adminIndexController'
   2018.05.10 09:01:40  INFO DefaultAnnotationHandlerMapping(341):? Mapped URL path [/admin/sysPro] onto handler 'adminIndexController'
   2018.05.10 09:01:40  INFO DefaultAnnotationHandlerMapping(341):? Mapped URL path [/admin/sysPro.*] onto handler 'adminIndexController'
   2018.05.10 09:01:40  INFO DefaultAnnotationHandlerMapping(341):? Mapped URL path [/admin/sysPro/] onto handler 'adminIndexController'
   2018.05.10 09:01:40  INFO DefaultAnnotationHandlerMapping(341):? Mapped URL path [/admin/strategy/delStrategy] onto handler 'adminStrategyController'
   2018.05.10 09:01:40  INFO DefaultAnnotationHandlerMapping(341):? Mapped URL path [/admin/strategy/delStrategy.*] onto handler 'adminStrategyController'
   2018.05.10 09:01:40  INFO DefaultAnnotationHandlerMapping(341):? Mapped URL path [/admin/strategy/delStrategy/] onto handler 'adminStrategyController'
   2018.05.10 09:01:40  INFO DefaultAnnotationHandlerMapping(341):? Mapped URL path [/admin/strategy/toUpdateStrategy] onto handler 'adminStrategyController'
   2018.05.10 09:01:40  INFO DefaultAnnotationHandlerMapping(341):? Mapped URL path [/admin/strategy/toUpdateStrategy.*] onto handler 'adminStrategyController'
   2018.05.10 09:01:40  INFO DefaultAnnotationHandlerMapping(341):? Mapped URL path [/admin/strategy/toUpdateStrategy/] onto handler 'adminStrategyController'
   2018.05.10 09:01:40  INFO DefaultAnnotationHandlerMapping(341):? Mapped URL path [/admin/strategy/strategyDetail] onto handler 'adminStrategyController'
   2018.05.10 09:01:40  INFO DefaultAnnotationHandlerMapping(341):? Mapped URL path [/admin/strategy/strategyDetail.*] onto handler 'adminStrategyController'
   2018.05.10 09:01:40  INFO DefaultAnnotationHandlerMapping(341):? Mapped URL path [/admin/strategy/strategyDetail/] onto handler 'adminStrategyController'
   2018.05.10 09:01:40  INFO DefaultAnnotationHandlerMapping(341):? Mapped URL path [/admin/strategy/addStrategy] onto handler 'adminStrategyController'
   2018.05.10 09:01:40  INFO DefaultAnnotationHandlerMapping(341):? Mapped URL path [/admin/strategy/addStrategy.*] onto handler 'adminStrategyController'
   2018.05.10 09:01:40  INFO DefaultAnnotationHandlerMapping(341):? Mapped URL path [/admin/strategy/addStrategy/] onto handler 'adminStrategyController'
   2018.05.10 09:01:40  INFO DefaultAnnotationHandlerMapping(341):? Mapped URL path [/admin/strategy/updateStrategy] onto handler 'adminStrategyController'
   2018.05.10 09:01:40  INFO DefaultAnnotationHandlerMapping(341):? Mapped URL path [/admin/strategy/updateStrategy.*] onto handler 'adminStrategyController'
   2018.05.10 09:01:40  INFO DefaultAnnotationHandlerMapping(341):? Mapped URL path [/admin/strategy/updateStrategy/] onto handler 'adminStrategyController'
   2018.05.10 09:01:40  INFO DefaultAnnotationHandlerMapping(341):? Mapped URL path [/admin/strategy/toAddStrategy] onto handler 'adminStrategyController'
   2018.05.10 09:01:40  INFO DefaultAnnotationHandlerMapping(341):? Mapped URL path [/admin/strategy/toAddStrategy.*] onto handler 'adminStrategyController'
   2018.05.10 09:01:40  INFO DefaultAnnotationHandlerMapping(341):? Mapped URL path [/admin/strategy/toAddStrategy/] onto handler 'adminStrategyController'
   2018.05.10 09:01:40  INFO DefaultAnnotationHandlerMapping(341):? Mapped URL path [/admin/strategy/showStrategyByKindsId] onto handler 'adminStrategyController'
   2018.05.10 09:01:40  INFO DefaultAnnotationHandlerMapping(341):? Mapped URL path [/admin/strategy/showStrategyByKindsId.*] onto handler 'adminStrategyController'
   2018.05.10 09:01:40  INFO DefaultAnnotationHandlerMapping(341):? Mapped URL path [/admin/strategy/showStrategyByKindsId/] onto handler 'adminStrategyController'
   2018.05.10 09:01:40  INFO DefaultAnnotationHandlerMapping(341):? Mapped URL path [/admin/strategy/showStrategyById] onto handler 'adminStrategyController'
   2018.05.10 09:01:40  INFO DefaultAnnotationHandlerMapping(341):? Mapped URL path [/admin/strategy/showStrategyById.*] onto handler 'adminStrategyController'
   2018.05.10 09:01:40  INFO DefaultAnnotationHandlerMapping(341):? Mapped URL path [/admin/strategy/showStrategyById/] onto handler 'adminStrategyController'
   2018.05.10 09:01:40  INFO DefaultAnnotationHandlerMapping(341):? Mapped URL path [/admin/strategy/showAllStrategy] onto handler 'adminStrategyController'
   2018.05.10 09:01:40  INFO DefaultAnnotationHandlerMapping(341):? Mapped URL path [/admin/strategy/showAllStrategy.*] onto handler 'adminStrategyController'
   2018.05.10 09:01:40  INFO DefaultAnnotationHandlerMapping(341):? Mapped URL path [/admin/strategy/showAllStrategy/] onto handler 'adminStrategyController'
   2018.05.10 09:01:40  INFO DefaultAnnotationHandlerMapping(341):? Mapped URL path [/classiccase/classicCaseDetail] onto handler 'classicCaseController'
   2018.05.10 09:01:40  INFO DefaultAnnotationHandlerMapping(341):? Mapped URL path [/classiccase/classicCaseDetail.*] onto handler 'classicCaseController'
   2018.05.10 09:01:40  INFO DefaultAnnotationHandlerMapping(341):? Mapped URL path [/classiccase/classicCaseDetail/] onto handler 'classicCaseController'
   2018.05.10 09:01:40  INFO DefaultAnnotationHandlerMapping(341):? Mapped URL path [/classiccase/classicCase] onto handler 'classicCaseController'
   2018.05.10 09:01:40  INFO DefaultAnnotationHandlerMapping(341):? Mapped URL path [/classiccase/classicCase.*] onto handler 'classicCaseController'
   2018.05.10 09:01:40  INFO DefaultAnnotationHandlerMapping(341):? Mapped URL path [/classiccase/classicCase/] onto handler 'classicCaseController'
   2018.05.10 09:01:40  INFO DefaultAnnotationHandlerMapping(341):? Mapped URL path [/decoration/decorationService] onto handler 'decorationController'
   2018.05.10 09:01:40  INFO DefaultAnnotationHandlerMapping(341):? Mapped URL path [/decoration/decorationService.*] onto handler 'decorationController'
   2018.05.10 09:01:40  INFO DefaultAnnotationHandlerMapping(341):? Mapped URL path [/decoration/decorationService/] onto handler 'decorationController'
   2018.05.10 09:01:40  INFO DefaultAnnotationHandlerMapping(341):? Mapped URL path [/decoration/strategyDetail] onto handler 'decorationController'
   2018.05.10 09:01:40  INFO DefaultAnnotationHandlerMapping(341):? Mapped URL path [/decoration/strategyDetail.*] onto handler 'decorationController'
   2018.05.10 09:01:40  INFO DefaultAnnotationHandlerMapping(341):? Mapped URL path [/decoration/strategyDetail/] onto handler 'decorationController'
   2018.05.10 09:01:40  INFO DefaultAnnotationHandlerMapping(341):? Mapped URL path [/decoration/strategy] onto handler 'decorationController'
   2018.05.10 09:01:40  INFO DefaultAnnotationHandlerMapping(341):? Mapped URL path [/decoration/strategy.*] onto handler 'decorationController'
   2018.05.10 09:01:40  INFO DefaultAnnotationHandlerMapping(341):? Mapped URL path [/decoration/strategy/] onto handler 'decorationController'
   2018.05.10 09:01:40  INFO DefaultAnnotationHandlerMapping(341):? Mapped URL path [/decoration/acmedecorationDetail] onto handler 'decorationController'
   2018.05.10 09:01:40  INFO DefaultAnnotationHandlerMapping(341):? Mapped URL path [/decoration/acmedecorationDetail.*] onto handler 'decorationController'
   2018.05.10 09:01:40  INFO DefaultAnnotationHandlerMapping(341):? Mapped URL path [/decoration/acmedecorationDetail/] onto handler 'decorationController'
   2018.05.10 09:01:40  INFO DefaultAnnotationHandlerMapping(341):? Mapped URL path [/decoration/decorationSupport] onto handler 'decorationController'
   2018.05.10 09:01:40  INFO DefaultAnnotationHandlerMapping(341):? Mapped URL path [/decoration/decorationSupport.*] onto handler 'decorationController'
   2018.05.10 09:01:40  INFO DefaultAnnotationHandlerMapping(341):? Mapped URL path [/decoration/decorationSupport/] onto handler 'decorationController'
   2018.05.10 09:01:40  INFO DefaultAnnotationHandlerMapping(341):? Mapped URL path [/decoration/allAcmedecorationJson] onto handler 'decorationController'
   2018.05.10 09:01:40  INFO DefaultAnnotationHandlerMapping(341):? Mapped URL path [/decoration/allAcmedecorationJson.*] onto handler 'decorationController'
   2018.05.10 09:01:40  INFO DefaultAnnotationHandlerMapping(341):? Mapped URL path [/decoration/allAcmedecorationJson/] onto handler 'decorationController'
   2018.05.10 09:01:40  INFO DefaultAnnotationHandlerMapping(341):? Mapped URL path [/homeDressScene/homeDressScene] onto handler 'homeDressSceneController'
   2018.05.10 09:01:40  INFO DefaultAnnotationHandlerMapping(341):? Mapped URL path [/homeDressScene/homeDressScene.*] onto handler 'homeDressSceneController'
   2018.05.10 09:01:40  INFO DefaultAnnotationHandlerMapping(341):? Mapped URL path [/homeDressScene/homeDressScene/] onto handler 'homeDressSceneController'
   2018.05.10 09:01:40  INFO DefaultAnnotationHandlerMapping(341):? Mapped URL path [/homeDressScene/order] onto handler 'homeDressSceneController'
   2018.05.10 09:01:40  INFO DefaultAnnotationHandlerMapping(341):? Mapped URL path [/homeDressScene/order.*] onto handler 'homeDressSceneController'
   2018.05.10 09:01:40  INFO DefaultAnnotationHandlerMapping(341):? Mapped URL path [/homeDressScene/order/] onto handler 'homeDressSceneController'
   2018.05.10 09:01:40  INFO DefaultAnnotationHandlerMapping(341):? Mapped URL path [/homeDressScene/homeDressSceneDetail] onto handler 'homeDressSceneController'
   2018.05.10 09:01:40  INFO DefaultAnnotationHandlerMapping(341):? Mapped URL path [/homeDressScene/homeDressSceneDetail.*] onto handler 'homeDressSceneController'
   2018.05.10 09:01:40  INFO DefaultAnnotationHandlerMapping(341):? Mapped URL path [/homeDressScene/homeDressSceneDetail/] onto handler 'homeDressSceneController'
   2018.05.10 09:01:40  INFO DefaultAnnotationHandlerMapping(341):? Mapped URL path [/index] onto handler 'indexController'
   2018.05.10 09:01:40  INFO DefaultAnnotationHandlerMapping(341):? Mapped URL path [/index.*] onto handler 'indexController'
   2018.05.10 09:01:40  INFO DefaultAnnotationHandlerMapping(341):? Mapped URL path [/index/] onto handler 'indexController'
   2018.05.10 09:01:40  INFO DefaultAnnotationHandlerMapping(341):? Mapped URL path [/joinReg] onto handler 'indexController'
   2018.05.10 09:01:40  INFO DefaultAnnotationHandlerMapping(341):? Mapped URL path [/joinReg.*] onto handler 'indexController'
   2018.05.10 09:01:40  INFO DefaultAnnotationHandlerMapping(341):? Mapped URL path [/joinReg/] onto handler 'indexController'
   2018.05.10 09:01:40  INFO DefaultAnnotationHandlerMapping(341):? Mapped URL path [/toIndex] onto handler 'indexController'
   2018.05.10 09:01:40  INFO DefaultAnnotationHandlerMapping(341):? Mapped URL path [/toIndex.*] onto handler 'indexController'
   2018.05.10 09:01:40  INFO DefaultAnnotationHandlerMapping(341):? Mapped URL path [/toIndex/] onto handler 'indexController'
   2018.05.10 09:01:40  INFO DefaultAnnotationHandlerMapping(341):? Mapped URL path [/login] onto handler 'indexController'
   2018.05.10 09:01:40  INFO DefaultAnnotationHandlerMapping(341):? Mapped URL path [/login.*] onto handler 'indexController'
   2018.05.10 09:01:40  INFO DefaultAnnotationHandlerMapping(341):? Mapped URL path [/login/] onto handler 'indexController'
   2018.05.10 09:01:40  INFO DefaultAnnotationHandlerMapping(341):? Mapped URL path [/checkCode] onto handler 'indexController'
   2018.05.10 09:01:40  INFO DefaultAnnotationHandlerMapping(341):? Mapped URL path [/checkCode.*] onto handler 'indexController'
   2018.05.10 09:01:40  INFO DefaultAnnotationHandlerMapping(341):? Mapped URL path [/checkCode/] onto handler 'indexController'
   2018.05.10 09:01:40  INFO DefaultAnnotationHandlerMapping(341):? Mapped URL path [/header] onto handler 'indexController'
   2018.05.10 09:01:40  INFO DefaultAnnotationHandlerMapping(341):? Mapped URL path [/header.*] onto handler 'indexController'
   2018.05.10 09:01:40  INFO DefaultAnnotationHandlerMapping(341):? Mapped URL path [/header/] onto handler 'indexController'
   2018.05.10 09:01:40  INFO DefaultAnnotationHandlerMapping(341):? Mapped URL path [/footer] onto handler 'indexController'
   2018.05.10 09:01:40  INFO DefaultAnnotationHandlerMapping(341):? Mapped URL path [/footer.*] onto handler 'indexController'
   2018.05.10 09:01:40  INFO DefaultAnnotationHandlerMapping(341):? Mapped URL path [/footer/] onto handler 'indexController'
   2018.05.10 09:01:40  INFO DefaultAnnotationHandlerMapping(341):? Mapped URL path [/register] onto handler 'indexController'
   2018.05.10 09:01:40  INFO DefaultAnnotationHandlerMapping(341):? Mapped URL path [/register.*] onto handler 'indexController'
   2018.05.10 09:01:40  INFO DefaultAnnotationHandlerMapping(341):? Mapped URL path [/register/] onto handler 'indexController'
   2018.05.10 09:01:40  INFO DefaultAnnotationHandlerMapping(341):? Mapped URL path [/design] onto handler 'indexController'
   2018.05.10 09:01:40  INFO DefaultAnnotationHandlerMapping(341):? Mapped URL path [/design.*] onto handler 'indexController'
   2018.05.10 09:01:40  INFO DefaultAnnotationHandlerMapping(341):? Mapped URL path [/design/] onto handler 'indexController'
   2018.05.10 09:01:40  INFO DefaultAnnotationHandlerMapping(341):? Mapped URL path [/designbespeak] onto handler 'indexController'
   2018.05.10 09:01:40  INFO DefaultAnnotationHandlerMapping(341):? Mapped URL path [/designbespeak.*] onto handler 'indexController'
   2018.05.10 09:01:40  INFO DefaultAnnotationHandlerMapping(341):? Mapped URL path [/designbespeak/] onto handler 'indexController'
   2018.05.10 09:01:40  INFO DefaultAnnotationHandlerMapping(341):? Mapped URL path [/designoffer] onto handler 'indexController'
   2018.05.10 09:01:40  INFO DefaultAnnotationHandlerMapping(341):? Mapped URL path [/designoffer.*] onto handler 'indexController'
   2018.05.10 09:01:40  INFO DefaultAnnotationHandlerMapping(341):? Mapped URL path [/designoffer/] onto handler 'indexController'
   2018.05.10 09:01:40  INFO DefaultAnnotationHandlerMapping(341):? Mapped URL path [/designShow] onto handler 'indexController'
   2018.05.10 09:01:40  INFO DefaultAnnotationHandlerMapping(341):? Mapped URL path [/designShow.*] onto handler 'indexController'
   2018.05.10 09:01:40  INFO DefaultAnnotationHandlerMapping(341):? Mapped URL path [/designShow/] onto handler 'indexController'
   2018.05.10 09:01:40  INFO DefaultAnnotationHandlerMapping(341):? Mapped URL path [/renovation] onto handler 'indexController'
   2018.05.10 09:01:40  INFO DefaultAnnotationHandlerMapping(341):? Mapped URL path [/renovation.*] onto handler 'indexController'
   2018.05.10 09:01:40  INFO DefaultAnnotationHandlerMapping(341):? Mapped URL path [/renovation/] onto handler 'indexController'
   2018.05.10 09:01:40  INFO DefaultAnnotationHandlerMapping(341):? Mapped URL path [/quotationShow] onto handler 'indexController'
   2018.05.10 09:01:40  INFO DefaultAnnotationHandlerMapping(341):? Mapped URL path [/quotationShow.*] onto handler 'indexController'
   2018.05.10 09:01:40  INFO DefaultAnnotationHandlerMapping(341):? Mapped URL path [/quotationShow/] onto handler 'indexController'
   2018.05.10 09:01:40  INFO DefaultAnnotationHandlerMapping(341):? Mapped URL path [/toQuotationShow] onto handler 'indexController'
   2018.05.10 09:01:40  INFO DefaultAnnotationHandlerMapping(341):? Mapped URL path [/toQuotationShow.*] onto handler 'indexController'
   2018.05.10 09:01:40  INFO DefaultAnnotationHandlerMapping(341):? Mapped URL path [/toQuotationShow/] onto handler 'indexController'
   2018.05.10 09:01:40  INFO DefaultAnnotationHandlerMapping(341):? Mapped URL path [/userFeedBack] onto handler 'indexController'
   2018.05.10 09:01:40  INFO DefaultAnnotationHandlerMapping(341):? Mapped URL path [/userFeedBack.*] onto handler 'indexController'
   2018.05.10 09:01:40  INFO DefaultAnnotationHandlerMapping(341):? Mapped URL path [/userFeedBack/] onto handler 'indexController'
   2018.05.10 09:01:40  INFO DefaultAnnotationHandlerMapping(341):? Mapped URL path [/joinUs] onto handler 'indexController'
   2018.05.10 09:01:40  INFO DefaultAnnotationHandlerMapping(341):? Mapped URL path [/joinUs.*] onto handler 'indexController'
   2018.05.10 09:01:40  INFO DefaultAnnotationHandlerMapping(341):? Mapped URL path [/joinUs/] onto handler 'indexController'
   2018.05.10 09:01:40  INFO DefaultAnnotationHandlerMapping(341):? Mapped URL path [/contactUs] onto handler 'indexController'
   2018.05.10 09:01:40  INFO DefaultAnnotationHandlerMapping(341):? Mapped URL path [/contactUs.*] onto handler 'indexController'
   2018.05.10 09:01:40  INFO DefaultAnnotationHandlerMapping(341):? Mapped URL path [/contactUs/] onto handler 'indexController'
   2018.05.10 09:01:40  INFO DefaultAnnotationHandlerMapping(341):? Mapped URL path [/recruit] onto handler 'indexController'
   2018.05.10 09:01:40  INFO DefaultAnnotationHandlerMapping(341):? Mapped URL path [/recruit.*] onto handler 'indexController'
   2018.05.10 09:01:40  INFO DefaultAnnotationHandlerMapping(341):? Mapped URL path [/recruit/] onto handler 'indexController'
   2018.05.10 09:01:40  INFO DefaultAnnotationHandlerMapping(341):? Mapped URL path [/about] onto handler 'indexController'
   2018.05.10 09:01:40  INFO DefaultAnnotationHandlerMapping(341):? Mapped URL path [/about.*] onto handler 'indexController'
   2018.05.10 09:01:40  INFO DefaultAnnotationHandlerMapping(341):? Mapped URL path [/about/] onto handler 'indexController'
   2018.05.10 09:01:40  INFO DefaultAnnotationHandlerMapping(341):? Mapped URL path [/account] onto handler 'indexController'
   2018.05.10 09:01:40  INFO DefaultAnnotationHandlerMapping(341):? Mapped URL path [/account.*] onto handler 'indexController'
   2018.05.10 09:01:40  INFO DefaultAnnotationHandlerMapping(341):? Mapped URL path [/account/] onto handler 'indexController'
   2018.05.10 09:01:40  INFO DefaultAnnotationHandlerMapping(341):? Mapped URL path [/identity] onto handler 'indexController'
   2018.05.10 09:01:40  INFO DefaultAnnotationHandlerMapping(341):? Mapped URL path [/identity.*] onto handler 'indexController'
   2018.05.10 09:01:40  INFO DefaultAnnotationHandlerMapping(341):? Mapped URL path [/identity/] onto handler 'indexController'
   2018.05.10 09:01:40  INFO DefaultAnnotationHandlerMapping(341):? Mapped URL path [/newpass] onto handler 'indexController'
   2018.05.10 09:01:40  INFO DefaultAnnotationHandlerMapping(341):? Mapped URL path [/newpass.*] onto handler 'indexController'
   2018.05.10 09:01:40  INFO DefaultAnnotationHandlerMapping(341):? Mapped URL path [/newpass/] onto handler 'indexController'
   2018.05.10 09:01:40  INFO DefaultAnnotationHandlerMapping(341):? Mapped URL path [/finish] onto handler 'indexController'
   2018.05.10 09:01:40  INFO DefaultAnnotationHandlerMapping(341):? Mapped URL path [/finish.*] onto handler 'indexController'
   2018.05.10 09:01:40  INFO DefaultAnnotationHandlerMapping(341):? Mapped URL path [/finish/] onto handler 'indexController'
   2018.05.10 09:01:40  INFO DefaultAnnotationHandlerMapping(341):? Mapped URL path [/material] onto handler 'indexController'
   2018.05.10 09:01:40  INFO DefaultAnnotationHandlerMapping(341):? Mapped URL path [/material.*] onto handler 'indexController'
   2018.05.10 09:01:40  INFO DefaultAnnotationHandlerMapping(341):? Mapped URL path [/material/] onto handler 'indexController'
   2018.05.10 09:01:40  INFO DefaultAnnotationHandlerMapping(341):? Mapped URL path [/materialRight] onto handler 'indexController'
   2018.05.10 09:01:40  INFO DefaultAnnotationHandlerMapping(341):? Mapped URL path [/materialRight.*] onto handler 'indexController'
   2018.05.10 09:01:40  INFO DefaultAnnotationHandlerMapping(341):? Mapped URL path [/materialRight/] onto handler 'indexController'
   2018.05.10 09:01:40  INFO DefaultAnnotationHandlerMapping(341):? Mapped URL path [/materialDetail] onto handler 'indexController'
   2018.05.10 09:01:40  INFO DefaultAnnotationHandlerMapping(341):? Mapped URL path [/materialDetail.*] onto handler 'indexController'
   2018.05.10 09:01:40  INFO DefaultAnnotationHandlerMapping(341):? Mapped URL path [/materialDetail/] onto handler 'indexController'
   2018.05.10 09:01:40  INFO DefaultAnnotationHandlerMapping(341):? Mapped URL path [/tologin] onto handler 'indexController'
   2018.05.10 09:01:40  INFO DefaultAnnotationHandlerMapping(341):? Mapped URL path [/tologin.*] onto handler 'indexController'
   2018.05.10 09:01:40  INFO DefaultAnnotationHandlerMapping(341):? Mapped URL path [/tologin/] onto handler 'indexController'
   2018.05.10 09:01:40  INFO DefaultAnnotationHandlerMapping(341):? Mapped URL path [/BuildingBespeak] onto handler 'indexController'
   2018.05.10 09:01:40  INFO DefaultAnnotationHandlerMapping(341):? Mapped URL path [/BuildingBespeak.*] onto handler 'indexController'
   2018.05.10 09:01:40  INFO DefaultAnnotationHandlerMapping(341):? Mapped URL path [/BuildingBespeak/] onto handler 'indexController'
   2018.05.10 09:01:40  INFO DefaultAnnotationHandlerMapping(341):? Mapped URL path [/buildingBespeakShow] onto handler 'indexController'
   2018.05.10 09:01:40  INFO DefaultAnnotationHandlerMapping(341):? Mapped URL path [/buildingBespeakShow.*] onto handler 'indexController'
   2018.05.10 09:01:40  INFO DefaultAnnotationHandlerMapping(341):? Mapped URL path [/buildingBespeakShow/] onto handler 'indexController'
   2018.05.10 09:01:40  INFO DefaultAnnotationHandlerMapping(341):? Mapped URL path [/acmedecorationJson] onto handler 'indexController'
   2018.05.10 09:01:40  INFO DefaultAnnotationHandlerMapping(341):? Mapped URL path [/acmedecorationJson.*] onto handler 'indexController'
   2018.05.10 09:01:40  INFO DefaultAnnotationHandlerMapping(341):? Mapped URL path [/acmedecorationJson/] onto handler 'indexController'
   2018.05.10 09:01:40  INFO DefaultAnnotationHandlerMapping(341):? Mapped URL path [/materialRightSec] onto handler 'indexController'
   2018.05.10 09:01:40  INFO DefaultAnnotationHandlerMapping(341):? Mapped URL path [/materialRightSec.*] onto handler 'indexController'
   2018.05.10 09:01:40  INFO DefaultAnnotationHandlerMapping(341):? Mapped URL path [/materialRightSec/] onto handler 'indexController'
   2018.05.10 09:01:40  INFO DefaultAnnotationHandlerMapping(341):? Mapped URL path [/materialDetailSec] onto handler 'indexController'
   2018.05.10 09:01:40  INFO DefaultAnnotationHandlerMapping(341):? Mapped URL path [/materialDetailSec.*] onto handler 'indexController'
   2018.05.10 09:01:40  INFO DefaultAnnotationHandlerMapping(341):? Mapped URL path [/materialDetailSec/] onto handler 'indexController'
   2018.05.10 09:01:40  INFO DefaultAnnotationHandlerMapping(341):? Mapped URL path [/smartHome/smartHome] onto handler 'smartHomeController'
   2018.05.10 09:01:40  INFO DefaultAnnotationHandlerMapping(341):? Mapped URL path [/smartHome/smartHome.*] onto handler 'smartHomeController'
   2018.05.10 09:01:40  INFO DefaultAnnotationHandlerMapping(341):? Mapped URL path [/smartHome/smartHome/] onto handler 'smartHomeController'
   2018.05.10 09:01:40  INFO DefaultAnnotationHandlerMapping(341):? Mapped URL path [/supplier/supplierInfo] onto handler 'supplierController'
   2018.05.10 09:01:40  INFO DefaultAnnotationHandlerMapping(341):? Mapped URL path [/supplier/supplierInfo.*] onto handler 'supplierController'
   2018.05.10 09:01:40  INFO DefaultAnnotationHandlerMapping(341):? Mapped URL path [/supplier/supplierInfo/] onto handler 'supplierController'
   2018.05.10 09:01:40  INFO DefaultAnnotationHandlerMapping(341):? Mapped URL path [/supplier/supplierUpMaterial] onto handler 'supplierController'
   2018.05.10 09:01:40  INFO DefaultAnnotationHandlerMapping(341):? Mapped URL path [/supplier/supplierUpMaterial.*] onto handler 'supplierController'
   2018.05.10 09:01:40  INFO DefaultAnnotationHandlerMapping(341):? Mapped URL path [/supplier/supplierUpMaterial/] onto handler 'supplierController'
   2018.05.10 09:01:40  INFO DefaultAnnotationHandlerMapping(341):? Mapped URL path [/supplier/supplierHomepage] onto handler 'supplierController'
   2018.05.10 09:01:40  INFO DefaultAnnotationHandlerMapping(341):? Mapped URL path [/supplier/supplierHomepage.*] onto handler 'supplierController'
   2018.05.10 09:01:40  INFO DefaultAnnotationHandlerMapping(341):? Mapped URL path [/supplier/supplierHomepage/] onto handler 'supplierController'
   2018.05.10 09:01:40  INFO DefaultAnnotationHandlerMapping(341):? Mapped URL path [/upload/upload] onto handler 'uploadController'
   2018.05.10 09:01:40  INFO DefaultAnnotationHandlerMapping(341):? Mapped URL path [/upload/upload.*] onto handler 'uploadController'
   2018.05.10 09:01:40  INFO DefaultAnnotationHandlerMapping(341):? Mapped URL path [/upload/upload/] onto handler 'uploadController'
   2018.05.10 09:01:40  INFO DefaultAnnotationHandlerMapping(341):? Mapped URL path [/upload/toUpload] onto handler 'uploadController'
   2018.05.10 09:01:40  INFO DefaultAnnotationHandlerMapping(341):? Mapped URL path [/upload/toUpload.*] onto handler 'uploadController'
   2018.05.10 09:01:40  INFO DefaultAnnotationHandlerMapping(341):? Mapped URL path [/upload/toUpload/] onto handler 'uploadController'
   2018.05.10 09:01:40  INFO DefaultAnnotationHandlerMapping(341):? Mapped URL path [/upload/toUpload2] onto handler 'uploadController'
   2018.05.10 09:01:40  INFO DefaultAnnotationHandlerMapping(341):? Mapped URL path [/upload/toUpload2.*] onto handler 'uploadController'
   2018.05.10 09:01:40  INFO DefaultAnnotationHandlerMapping(341):? Mapped URL path [/upload/toUpload2/] onto handler 'uploadController'
   2018.05.10 09:01:40  INFO DefaultAnnotationHandlerMapping(341):? Mapped URL path [/user/register] onto handler 'userController'
   2018.05.10 09:01:40  INFO DefaultAnnotationHandlerMapping(341):? Mapped URL path [/user/register.*] onto handler 'userController'
   2018.05.10 09:01:40  INFO DefaultAnnotationHandlerMapping(341):? Mapped URL path [/user/register/] onto handler 'userController'
   2018.05.10 09:01:40  INFO DefaultAnnotationHandlerMapping(341):? Mapped URL path [/user/login] onto handler 'userController'
   2018.05.10 09:01:40  INFO DefaultAnnotationHandlerMapping(341):? Mapped URL path [/user/login.*] onto handler 'userController'
   2018.05.10 09:01:40  INFO DefaultAnnotationHandlerMapping(341):? Mapped URL path [/user/login/] onto handler 'userController'
   2018.05.10 09:01:40  INFO DefaultAnnotationHandlerMapping(341):? Mapped URL path [/user/logout] onto handler 'userController'
   2018.05.10 09:01:40  INFO DefaultAnnotationHandlerMapping(341):? Mapped URL path [/user/logout.*] onto handler 'userController'
   2018.05.10 09:01:40  INFO DefaultAnnotationHandlerMapping(341):? Mapped URL path [/user/logout/] onto handler 'userController'
   2018.05.10 09:01:40  INFO DefaultAnnotationHandlerMapping(341):? Mapped URL path [/user/userInfo] onto handler 'userController'
   2018.05.10 09:01:40  INFO DefaultAnnotationHandlerMapping(341):? Mapped URL path [/user/userInfo.*] onto handler 'userController'
   2018.05.10 09:01:40  INFO DefaultAnnotationHandlerMapping(341):? Mapped URL path [/user/userInfo/] onto handler 'userController'
   2018.05.10 09:01:40  INFO DefaultAnnotationHandlerMapping(341):? Mapped URL path [/user/userNote] onto handler 'userController'
   2018.05.10 09:01:40  INFO DefaultAnnotationHandlerMapping(341):? Mapped URL path [/user/userNote.*] onto handler 'userController'
   2018.05.10 09:01:40  INFO DefaultAnnotationHandlerMapping(341):? Mapped URL path [/user/userNote/] onto handler 'userController'
   2018.05.10 09:01:40  INFO DefaultAnnotationHandlerMapping(341):? Mapped URL path [/user/userHomePage] onto handler 'userController'
   2018.05.10 09:01:40  INFO DefaultAnnotationHandlerMapping(341):? Mapped URL path [/user/userHomePage.*] onto handler 'userController'
   2018.05.10 09:01:40  INFO DefaultAnnotationHandlerMapping(341):? Mapped URL path [/user/userHomePage/] onto handler 'userController'
   2018.05.10 09:01:40  INFO DispatcherServlet(507):? FrameworkServlet 'SpringMVC': initialization completed in 2716 ms
   2018.05.10 09:58:40  WARN PageNotFound(1136):? No mapping found for HTTP request with URI [/favicon.ico] in DispatcherServlet with name 'SpringMVC'
   2018.05.10 10:00:01  WARN PageNotFound(1136):? No mapping found for HTTP request with URI [/favicon.ico] in DispatcherServlet with name 'SpringMVC'
   